<?xml version="1.0" encoding="UTF-8"?>
<!-- Generated by org.testng.reporters.JUnitXMLReporter -->
<testsuite hostname="LAPTOP-A4I96GSD" ignored="0" name="Default test" tests="8" failures="1" timestamp="2020-07-01T23:42:49 IST" time="0.124" errors="0">
  <testcase name="testAdd" time="0.015" classname="com.testNG.TestNG_Assignment"/>
  <testcase name="testSubtract" time="0.003" classname="com.testNG.TestNG_Assignment"/>
  <testcase name="testMultiply" time="0.004" classname="com.testNG.TestNG_Assignment"/>
  <testcase name="testDivide" time="0.003" classname="com.testNG.TestNG_Assignment"/>
  <testcase name="testExponent" time="0.002" classname="com.testNG.TestNG_Assignment"/>
  <testcase name="testInverse" time="0.001" classname="com.testNG.TestNG_Assignment"/>
  <testcase name="testNegate" time="0.0" classname="com.testNG.TestNG_Assignment">
    <failure type="org.testng.TestNGException" message="
Parameter &amp;apos;single-integer&amp;apos; is required by @Test on method testNegate but has not been marked @Optional or defined
in C:\Users\hp\AppData\Local\Temp\testng-eclipse-1239264425\testng-customsuite.xml">
      <![CDATA[org.testng.TestNGException: 
Parameter 'single-integer' is required by @Test on method testNegate but has not been marked @Optional or defined
in C:\Users\hp\AppData\Local\Temp\testng-eclipse-1239264425\testng-customsuite.xml
at org.testng.internal.Parameters.createParams(Parameters.java:268)
at org.testng.internal.Parameters.createParametersForMethod(Parameters.java:356)
at org.testng.internal.Parameters.createParameters(Parameters.java:700)
at org.testng.internal.Parameters.handleParameters(Parameters.java:875)
at org.testng.internal.Parameters.handleParameters(Parameters.java:740)
at org.testng.internal.ParameterHandler.handleParameters(ParameterHandler.java:59)
at org.testng.internal.ParameterHandler.createParameters(ParameterHandler.java:38)
at org.testng.internal.TestInvoker$MethodInvocationAgent.invoke(TestInvoker.java:788)
at org.testng.internal.TestInvoker.invokeTestMethods(TestInvoker.java:147)
at org.testng.internal.TestMethodWorker.invokeTestMethods(TestMethodWorker.java:146)
at org.testng.internal.TestMethodWorker.run(TestMethodWorker.java:128)
at java.util.ArrayList.forEach(ArrayList.java:1249)
at org.testng.TestRunner.privateRun(TestRunner.java:767)
at org.testng.TestRunner.run(TestRunner.java:588)
at org.testng.SuiteRunner.runTest(SuiteRunner.java:384)
at org.testng.SuiteRunner.runSequentially(SuiteRunner.java:378)
at org.testng.SuiteRunner.privateRun(SuiteRunner.java:337)
at org.testng.SuiteRunner.run(SuiteRunner.java:286)
at org.testng.SuiteRunnerWorker.runSuite(SuiteRunnerWorker.java:53)
at org.testng.SuiteRunnerWorker.run(SuiteRunnerWorker.java:96)
at org.testng.TestNG.runSuitesSequentially(TestNG.java:1214)
at org.testng.TestNG.runSuitesLocally(TestNG.java:1136)
at org.testng.TestNG.runSuites(TestNG.java:1066)
at org.testng.TestNG.run(TestNG.java:1034)
at org.testng.remote.AbstractRemoteTestNG.run(AbstractRemoteTestNG.java:115)
at org.testng.remote.RemoteTestNG.initAndRun(RemoteTestNG.java:251)
at org.testng.remote.RemoteTestNG.main(RemoteTestNG.java:77)
]]>
    </failure>
  </testcase> <!-- testNegate -->
  <testcase name="testMod" time="0.001" classname="com.testNG.TestNG_Assignment"/>
</testsuite> <!-- Default test -->
